# JRE version: Java(TM) SE Runtime Environment 18.9 (11.0.12+8) (build 11.0.12+8-LTS-237)
# Java VM: Java HotSpot(TM) 64-Bit Server VM 18.9 (11.0.12+8-LTS-237, mixed mode, tiered, compressed oops, g1 gc, windows-amd64)
Heap:
 garbage-first heap   total 262144K, used 191488K [0x00000000e0000000, 0x0000000100000000)
  region size 1024K, 125 young (128000K), 16 survivors (16384K)
 Metaspace       used 78058K, capacity 81147K, committed 81444K, reserved 325632K
  class space    used 10183K, capacity 11340K, committed 11392K, reserved 253952K
GC Heap History (10 events):
Event: 12.046 GC heap before
{Heap before GC invocations=7 (full 0):
 garbage-first heap   total 262144K, used 70382K [0x00000000e0000000, 0x0000000100000000)
  region size 1024K, 56 young (57344K), 6 survivors (6144K)
 Metaspace       used 35082K, capacity 35709K, committed 35840K, reserved 286720K
  class space    used 4508K, capacity 4743K, committed 4864K, reserved 253952K
}
Event: 12.074 GC heap after
{Heap after GC invocations=8 (full 0):
 garbage-first heap   total 262144K, used 23932K [0x00000000e0000000, 0x0000000100000000)
  region size 1024K, 10 young (10240K), 10 survivors (10240K)
 Metaspace       used 35082K, capacity 35709K, committed 35840K, reserved 286720K
  class space    used 4508K, capacity 4743K, committed 4864K, reserved 253952K
}
Event: 26.930 GC heap before
{Heap before GC invocations=9 (full 0):
 garbage-first heap   total 262144K, used 121212K [0x00000000e0000000, 0x0000000100000000)
  region size 1024K, 105 young (107520K), 10 survivors (10240K)
 Metaspace       used 43626K, capacity 44611K, committed 44672K, reserved 292864K
  class space    used 5580K, capacity 5989K, committed 6016K, reserved 253952K
}
Event: 26.956 GC heap after
{Heap after GC invocations=10 (full 0):
 garbage-first heap   total 262144K, used 28273K [0x00000000e0000000, 0x0000000100000000)
  region size 1024K, 13 young (13312K), 13 survivors (13312K)
 Metaspace       used 43626K, capacity 44611K, committed 44672K, reserved 292864K
  class space    used 5580K, capacity 5989K, committed 6016K, reserved 253952K
}
Event: 31.224 GC heap before
{Heap before GC invocations=11 (full 0):
 garbage-first heap   total 262144K, used 174705K [0x00000000e0000000, 0x0000000100000000)
  region size 1024K, 153 young (156672K), 13 survivors (13312K)
 Metaspace       used 56646K, capacity 58046K, committed 58240K, reserved 305152K
  class space    used 7189K, capacity 7764K, committed 7808K, reserved 253952K
}
Event: 31.255 GC heap after
{Heap after GC invocations=12 (full 0):
 garbage-first heap   total 262144K, used 41501K [0x00000000e0000000, 0x0000000100000000)
  region size 1024K, 20 young (20480K), 20 survivors (20480K)
 Metaspace       used 56646K, capacity 58046K, committed 58240K, reserved 305152K
  class space    used 7189K, capacity 7764K, committed 7808K, reserved 253952K
}
Event: 45.002 GC heap before
{Heap before GC invocations=12 (full 0):
 garbage-first heap   total 262144K, used 177693K [0x00000000e0000000, 0x0000000100000000)
  region size 1024K, 153 young (156672K), 20 survivors (20480K)
 Metaspace       used 67028K, capacity 68876K, committed 69120K, reserved 315392K
  class space    used 8672K, capacity 9426K, committed 9472K, reserved 253952K
}
Event: 45.108 GC heap after
{Heap after GC invocations=13 (full 0):
 garbage-first heap   total 262144K, used 53994K [0x00000000e0000000, 0x0000000100000000)
  region size 1024K, 13 young (13312K), 13 survivors (13312K)
 Metaspace       used 67028K, capacity 68876K, committed 69120K, reserved 315392K
  class space    used 8672K, capacity 9426K, committed 9472K, reserved 253952K
}
Event: 51.412 GC heap before
{Heap before GC invocations=13 (full 0):
 garbage-first heap   total 262144K, used 172778K [0x00000000e0000000, 0x0000000100000000)
  region size 1024K, 125 young (128000K), 13 survivors (13312K)
 Metaspace       used 71773K, capacity 74328K, committed 74456K, reserved 319488K
  class space    used 9275K, capacity 10240K, committed 10240K, reserved 253952K
}
Event: 51.452 GC heap after
{Heap after GC invocations=14 (full 0):
 garbage-first heap   total 262144K, used 74752K [0x00000000e0000000, 0x0000000100000000)
  region size 1024K, 16 young (16384K), 16 survivors (16384K)
 Metaspace       used 71773K, capacity 74328K, committed 74456K, reserved 319488K
  class space    used 9275K, capacity 10240K, committed 10240K, reserved 253952K
}

