# JRE version: Java(TM) SE Runtime Environment 18.9 (11.0.12+8) (build 11.0.12+8-LTS-237)
# Java VM: Java HotSpot(TM) 64-Bit Server VM 18.9 (11.0.12+8-LTS-237, mixed mode, tiered, compressed oops, g1 gc, windows-amd64)
Heap:
 garbage-first heap   total 262144K, used 120783K [0x00000000e0000000, 0x0000000100000000)
  region size 1024K, 104 young (106496K), 9 survivors (9216K)
 Metaspace       used 43599K, capacity 44606K, committed 44672K, reserved 292864K
  class space    used 5580K, capacity 5989K, committed 6016K, reserved 253952K
GC Heap History (10 events):
Event: 1.576 GC heap before
{Heap before GC invocations=2 (full 0):
 garbage-first heap   total 262144K, used 36937K [0x00000000e0000000, 0x0000000100000000)
  region size 1024K, 29 young (29696K), 1 survivors (1024K)
 Metaspace       used 10676K, capacity 10837K, committed 11008K, reserved 264192K
  class space    used 1104K, capacity 1164K, committed 1280K, reserved 253952K
}
Event: 1.581 GC heap after
{Heap after GC invocations=3 (full 0):
 garbage-first heap   total 262144K, used 13625K [0x00000000e0000000, 0x0000000100000000)
  region size 1024K, 4 young (4096K), 4 survivors (4096K)
 Metaspace       used 10676K, capacity 10837K, committed 11008K, reserved 264192K
  class space    used 1104K, capacity 1164K, committed 1280K, reserved 253952K
}
Event: 3.181 GC heap before
{Heap before GC invocations=3 (full 0):
 garbage-first heap   total 262144K, used 54585K [0x00000000e0000000, 0x0000000100000000)
  region size 1024K, 44 young (45056K), 4 survivors (4096K)
 Metaspace       used 18501K, capacity 18910K, committed 19072K, reserved 272384K
  class space    used 2229K, capacity 2371K, committed 2432K, reserved 253952K
}
Event: 3.188 GC heap after
{Heap after GC invocations=4 (full 0):
 garbage-first heap   total 262144K, used 16213K [0x00000000e0000000, 0x0000000100000000)
  region size 1024K, 3 young (3072K), 3 survivors (3072K)
 Metaspace       used 18501K, capacity 18910K, committed 19072K, reserved 272384K
  class space    used 2229K, capacity 2371K, committed 2432K, reserved 253952K
}
Event: 3.423 GC heap before
{Heap before GC invocations=4 (full 0):
 garbage-first heap   total 262144K, used 27477K [0x00000000e0000000, 0x0000000100000000)
  region size 1024K, 16 young (16384K), 3 survivors (3072K)
 Metaspace       used 20627K, capacity 21066K, committed 21248K, reserved 272384K
  class space    used 2534K, capacity 2690K, committed 2816K, reserved 253952K
}
Event: 3.431 GC heap after
{Heap after GC invocations=5 (full 0):
 garbage-first heap   total 262144K, used 16551K [0x00000000e0000000, 0x0000000100000000)
  region size 1024K, 4 young (4096K), 4 survivors (4096K)
 Metaspace       used 20627K, capacity 21066K, committed 21248K, reserved 272384K
  class space    used 2534K, capacity 2690K, committed 2816K, reserved 253952K
}
Event: 4.602 GC heap before
{Heap before GC invocations=6 (full 0):
 garbage-first heap   total 262144K, used 73895K [0x00000000e0000000, 0x0000000100000000)
  region size 1024K, 60 young (61440K), 4 survivors (4096K)
 Metaspace       used 26894K, capacity 27483K, committed 27648K, reserved 278528K
  class space    used 3524K, capacity 3769K, committed 3840K, reserved 253952K
}
Event: 4.617 GC heap after
{Heap after GC invocations=7 (full 0):
 garbage-first heap   total 262144K, used 18921K [0x00000000e0000000, 0x0000000100000000)
  region size 1024K, 6 young (6144K), 6 survivors (6144K)
 Metaspace       used 26894K, capacity 27483K, committed 27648K, reserved 278528K
  class space    used 3524K, capacity 3769K, committed 3840K, reserved 253952K
}
Event: 5.850 GC heap before
{Heap before GC invocations=7 (full 0):
 garbage-first heap   total 262144K, used 67049K [0x00000000e0000000, 0x0000000100000000)
  region size 1024K, 52 young (53248K), 6 survivors (6144K)
 Metaspace       used 35080K, capacity 35709K, committed 35840K, reserved 286720K
  class space    used 4510K, capacity 4743K, committed 4864K, reserved 253952K
}
Event: 5.866 GC heap after
{Heap after GC invocations=8 (full 0):
 garbage-first heap   total 262144K, used 24527K [0x00000000e0000000, 0x0000000100000000)
  region size 1024K, 9 young (9216K), 9 survivors (9216K)
 Metaspace       used 35080K, capacity 35709K, committed 35840K, reserved 286720K
  class space    used 4510K, capacity 4743K, committed 4864K, reserved 253952K
}

